<?xml version="1.0" encoding="UTF-8"?><testsuite name="nosetests" tests="17" errors="0" failures="0" skip="0"><testcase classname="test_controller.TestController" name="test_controller_activate_success" time="0.000"></testcase><testcase classname="test_controller.TestController" name="test_controller_discard_empty_path" time="0.000"></testcase><testcase classname="test_controller.TestController" name="test_controller_discard_path_when_active" time="0.000"></testcase><testcase classname="test_controller.TestController" name="test_controller_keep_waypoint_if_too_far" time="0.000"></testcase><testcase classname="test_controller.TestController" name="test_controller_moving_if_active" time="0.000"></testcase><testcase classname="test_controller.TestController" name="test_controller_next_waypoint_if_close_enough" time="0.001"></testcase><testcase classname="test_controller.TestController" name="test_controller_reset_on_end_path" time="0.000"></testcase><testcase classname="test_controller.TestController" name="test_controller_standby_if_active_but_no_pose" time="0.000"></testcase><testcase classname="test_controller.TestController" name="test_controller_standby_if_not_active" time="0.000"></testcase><testcase classname="test_controller.TestController" name="test_controller_standby_if_target_reached" time="0.000"></testcase><testcase classname="test_controller.TestLOS" name="test_LOS_aligned_target_behind" time="0.000"></testcase><testcase classname="test_controller.TestLOS" name="test_LOS_aligned_target_front" time="0.000"></testcase><testcase classname="test_controller.TestLOS" name="test_LOS_same_point" time="0.000"></testcase><testcase classname="test_controller.TestPID" name="test_pid_correct_output" time="0.000"></testcase><testcase classname="test_controller.TestPID" name="test_pid_default_correct_output" time="0.000"></testcase><testcase classname="test_movement_model.TestDiffDrive" name="test_transform" time="0.000"><system-out><![CDATA[


L, r: 0.6, 0.15



]]></system-out></testcase><testcase classname="test_observer.TestObserver" name="test_check_fails_if_no_reading" time="0.000"></testcase></testsuite>